2022-05-27 10:14:13,900 INFO com.sonamik.bank.BankApplication [main] Starting BankApplication using Java 11.0.13 on LAPTOP-59T7KR2L with PID 7856 (C:\Users\Valeri\OneDrive\Desktop\bank\target\classes started by Valeri in C:\Users\Valeri\OneDrive\Desktop\bank)
2022-05-27 10:14:13,914 INFO com.sonamik.bank.BankApplication [main] No active profile set, falling back to 1 default profile: "default"
2022-05-27 10:14:16,817 INFO org.springframework.data.repository.config.RepositoryConfigurationDelegate [main] Bootstrapping Spring Data JPA repositories in DEFAULT mode.
2022-05-27 10:14:17,107 INFO org.springframework.data.repository.config.RepositoryConfigurationDelegate [main] Finished Spring Data repository scanning in 251 ms. Found 5 JPA repository interfaces.
2022-05-27 10:14:17,789 INFO com.ulisesbocchio.jasyptspringboot.configuration.EnableEncryptablePropertiesBeanFactoryPostProcessor [main] Post-processing PropertySource instances
2022-05-27 10:14:17,792 INFO com.ulisesbocchio.jasyptspringboot.EncryptablePropertySourceConverter [main] Skipping PropertySource configurationProperties [class org.springframework.boot.context.properties.source.ConfigurationPropertySourcesPropertySource
2022-05-27 10:14:17,794 INFO com.ulisesbocchio.jasyptspringboot.EncryptablePropertySourceConverter [main] Skipping PropertySource servletConfigInitParams [class org.springframework.core.env.PropertySource$StubPropertySource
2022-05-27 10:14:17,794 INFO com.ulisesbocchio.jasyptspringboot.EncryptablePropertySourceConverter [main] Skipping PropertySource servletContextInitParams [class org.springframework.core.env.PropertySource$StubPropertySource
2022-05-27 10:14:17,802 INFO com.ulisesbocchio.jasyptspringboot.EncryptablePropertySourceConverter [main] Converting PropertySource systemProperties [org.springframework.core.env.PropertiesPropertySource] to EncryptableMapPropertySourceWrapper
2022-05-27 10:14:17,806 INFO com.ulisesbocchio.jasyptspringboot.EncryptablePropertySourceConverter [main] Converting PropertySource systemEnvironment [org.springframework.boot.env.SystemEnvironmentPropertySourceEnvironmentPostProcessor$OriginAwareSystemEnvironmentPropertySource] to EncryptableSystemEnvironmentPropertySourceWrapper
2022-05-27 10:14:17,810 INFO com.ulisesbocchio.jasyptspringboot.EncryptablePropertySourceConverter [main] Converting PropertySource random [org.springframework.boot.env.RandomValuePropertySource] to EncryptablePropertySourceWrapper
2022-05-27 10:14:17,811 INFO com.ulisesbocchio.jasyptspringboot.EncryptablePropertySourceConverter [main] Converting PropertySource Config resource 'class path resource [application.properties]' via location 'optional:classpath:/' [org.springframework.boot.env.OriginTrackedMapPropertySource] to EncryptableMapPropertySourceWrapper
2022-05-27 10:14:18,374 INFO com.ulisesbocchio.jasyptspringboot.filter.DefaultLazyPropertyFilter [main] Property Filter custom Bean not found with name 'encryptablePropertyFilter'. Initializing Default Property Filter
2022-05-27 10:14:18,396 INFO com.ulisesbocchio.jasyptspringboot.resolver.DefaultLazyPropertyResolver [main] Property Resolver custom Bean not found with name 'encryptablePropertyResolver'. Initializing Default Property Resolver
2022-05-27 10:14:18,396 INFO com.ulisesbocchio.jasyptspringboot.detector.DefaultLazyPropertyDetector [main] Property Detector custom Bean not found with name 'encryptablePropertyDetector'. Initializing Default Property Detector
2022-05-27 10:14:18,774 INFO org.springframework.boot.web.embedded.tomcat.TomcatWebServer [main] Tomcat initialized with port(s): 8081 (http)
2022-05-27 10:14:18,805 INFO org.apache.catalina.core.StandardService [main] Starting service [Tomcat]
2022-05-27 10:14:18,807 INFO org.apache.catalina.core.StandardEngine [main] Starting Servlet engine: [Apache Tomcat/9.0.63]
2022-05-27 10:14:19,118 INFO org.apache.catalina.core.ContainerBase.[Tomcat].[localhost].[/] [main] Initializing Spring embedded WebApplicationContext
2022-05-27 10:14:19,118 INFO org.springframework.boot.web.servlet.context.ServletWebServerApplicationContext [main] Root WebApplicationContext: initialization completed in 4871 ms
2022-05-27 10:14:19,895 INFO org.hibernate.jpa.internal.util.LogHelper [main] HHH000204: Processing PersistenceUnitInfo [name: default]
2022-05-27 10:14:20,339 INFO org.hibernate.Version [main] HHH000412: Hibernate ORM core version 5.6.9.Final
2022-05-27 10:14:20,704 INFO org.hibernate.annotations.common.Version [main] HCANN000001: Hibernate Commons Annotations {5.1.2.Final}
2022-05-27 10:14:20,881 INFO com.zaxxer.hikari.HikariDataSource [main] HikariPool-1 - Starting...
2022-05-27 10:14:21,515 INFO com.zaxxer.hikari.HikariDataSource [main] HikariPool-1 - Start completed.
2022-05-27 10:14:21,549 INFO org.hibernate.dialect.Dialect [main] HHH000400: Using dialect: org.hibernate.dialect.MySQL8Dialect
2022-05-27 10:14:23,681 INFO org.hibernate.engine.transaction.jta.platform.internal.JtaPlatformInitiator [main] HHH000490: Using JtaPlatform implementation: [org.hibernate.engine.transaction.jta.platform.internal.NoJtaPlatform]
2022-05-27 10:14:23,681 INFO org.springframework.orm.jpa.LocalContainerEntityManagerFactoryBean [main] Initialized JPA EntityManagerFactory for persistence unit 'default'
2022-05-27 10:14:24,550 WARN org.springframework.boot.autoconfigure.orm.jpa.JpaBaseConfiguration$JpaWebConfiguration [main] spring.jpa.open-in-view is enabled by default. Therefore, database queries may be performed during view rendering. Explicitly configure spring.jpa.open-in-view to disable this warning
2022-05-27 10:14:25,239 INFO org.springframework.boot.web.embedded.tomcat.TomcatWebServer [main] Tomcat started on port(s): 8081 (http) with context path ''
2022-05-27 10:14:25,242 INFO com.ulisesbocchio.jasyptspringboot.caching.RefreshScopeRefreshedEventListener [main] Refreshing cached encryptable property sources on ServletWebServerInitializedEvent
2022-05-27 10:14:25,244 INFO com.ulisesbocchio.jasyptspringboot.caching.CachingDelegateEncryptablePropertySource [main] Property Source systemProperties refreshed
2022-05-27 10:14:25,245 INFO com.ulisesbocchio.jasyptspringboot.caching.CachingDelegateEncryptablePropertySource [main] Property Source systemEnvironment refreshed
2022-05-27 10:14:25,246 INFO com.ulisesbocchio.jasyptspringboot.caching.CachingDelegateEncryptablePropertySource [main] Property Source random refreshed
2022-05-27 10:14:25,247 INFO com.ulisesbocchio.jasyptspringboot.caching.CachingDelegateEncryptablePropertySource [main] Property Source Config resource 'class path resource [application.properties]' via location 'optional:classpath:/' refreshed
2022-05-27 10:14:25,247 INFO com.ulisesbocchio.jasyptspringboot.EncryptablePropertySourceConverter [main] Converting PropertySource server.ports [org.springframework.core.env.MapPropertySource] to EncryptableMapPropertySourceWrapper
2022-05-27 10:14:25,251 INFO com.ulisesbocchio.jasyptspringboot.EncryptablePropertySourceConverter [main] Skipping PropertySource configurationProperties [class org.springframework.boot.context.properties.source.ConfigurationPropertySourcesPropertySource
2022-05-27 10:14:25,253 INFO com.ulisesbocchio.jasyptspringboot.EncryptablePropertySourceConverter [main] Skipping PropertySource servletConfigInitParams [class org.springframework.core.env.PropertySource$StubPropertySource
2022-05-27 10:14:25,255 INFO com.ulisesbocchio.jasyptspringboot.EncryptablePropertySourceConverter [main] Converting PropertySource servletContextInitParams [org.springframework.web.context.support.ServletContextPropertySource] to EncryptableEnumerablePropertySourceWrapper
2022-05-27 10:14:25,275 INFO com.sonamik.bank.BankApplication [main] Started BankApplication in 12.505 seconds (JVM running for 14.609)
2022-05-27 10:14:37,460 INFO org.apache.catalina.core.ContainerBase.[Tomcat].[localhost].[/] [http-nio-8081-exec-2] Initializing Spring DispatcherServlet 'dispatcherServlet'
2022-05-27 10:14:37,461 INFO org.springframework.web.servlet.DispatcherServlet [http-nio-8081-exec-2] Initializing Servlet 'dispatcherServlet'
2022-05-27 10:14:37,465 INFO org.springframework.web.servlet.DispatcherServlet [http-nio-8081-exec-2] Completed initialization in 3 ms
2022-05-27 10:14:37,822 WARN org.springframework.web.servlet.mvc.support.DefaultHandlerExceptionResolver [http-nio-8081-exec-2] Resolved [org.springframework.web.bind.MethodArgumentNotValidException: Validation failed for argument [1] in public void com.sonamik.bank.controller.CardController.createCard(java.lang.Long,com.sonamik.bank.entity.Card) with 3 errors: [Field error in object 'card' on field 'balance': rejected value [100]; codes [Min.card.balance,Min.balance,Min.long,Min]; arguments [org.springframework.context.support.DefaultMessageSourceResolvable: codes [card.balance,balance]; arguments []; default message [balance],1000]; default message [must be greater than or equal to 1000]] [Field error in object 'card' on field 'cardNumber': rejected value [12-3-13]; codes [Pattern.card.cardNumber,Pattern.cardNumber,Pattern.java.lang.String,Pattern]; arguments [org.springframework.context.support.DefaultMessageSourceResolvable: codes [card.cardNumber,cardNumber]; arguments []; default message [cardNumber],[Ljavax.validation.constraints.Pattern$Flag;@53ab2f11,\d{4}-\d{4}-\d{4}-\d{4}]; default message [must match "\d{4}-\d{4}-\d{4}-\d{4}"]] [Field error in object 'card' on field 'pin': rejected value [000]; codes [Pattern.card.pin,Pattern.pin,Pattern.java.lang.String,Pattern]; arguments [org.springframework.context.support.DefaultMessageSourceResolvable: codes [card.pin,pin]; arguments []; default message [pin],[Ljavax.validation.constraints.Pattern$Flag;@53ab2f11,^[0-9]{4}]; default message [must match "^[0-9]{4}"]] ]
2022-05-27 10:14:38,447 WARN org.springframework.web.servlet.mvc.support.DefaultHandlerExceptionResolver [http-nio-8081-exec-4] Resolved [org.springframework.web.bind.MethodArgumentNotValidException: Validation failed for argument [1] in public void com.sonamik.bank.controller.CardController.createCard(java.lang.Long,com.sonamik.bank.entity.Card) with 3 errors: [Field error in object 'card' on field 'pin': rejected value [000]; codes [Pattern.card.pin,Pattern.pin,Pattern.java.lang.String,Pattern]; arguments [org.springframework.context.support.DefaultMessageSourceResolvable: codes [card.pin,pin]; arguments []; default message [pin],[Ljavax.validation.constraints.Pattern$Flag;@53ab2f11,^[0-9]{4}]; default message [must match "^[0-9]{4}"]] [Field error in object 'card' on field 'cardNumber': rejected value [12-3-13]; codes [Pattern.card.cardNumber,Pattern.cardNumber,Pattern.java.lang.String,Pattern]; arguments [org.springframework.context.support.DefaultMessageSourceResolvable: codes [card.cardNumber,cardNumber]; arguments []; default message [cardNumber],[Ljavax.validation.constraints.Pattern$Flag;@53ab2f11,\d{4}-\d{4}-\d{4}-\d{4}]; default message [must match "\d{4}-\d{4}-\d{4}-\d{4}"]] [Field error in object 'card' on field 'balance': rejected value [100]; codes [Min.card.balance,Min.balance,Min.long,Min]; arguments [org.springframework.context.support.DefaultMessageSourceResolvable: codes [card.balance,balance]; arguments []; default message [balance],1000]; default message [must be greater than or equal to 1000]] ]
2022-05-27 10:14:59,997 WARN org.springframework.web.servlet.mvc.support.DefaultHandlerExceptionResolver [http-nio-8081-exec-6] Resolved [org.springframework.web.bind.MethodArgumentNotValidException: Validation failed for argument [1] in public void com.sonamik.bank.controller.CardController.createCard(java.lang.Long,com.sonamik.bank.entity.Card) with 2 errors: [Field error in object 'card' on field 'pin': rejected value [000]; codes [Pattern.card.pin,Pattern.pin,Pattern.java.lang.String,Pattern]; arguments [org.springframework.context.support.DefaultMessageSourceResolvable: codes [card.pin,pin]; arguments []; default message [pin],[Ljavax.validation.constraints.Pattern$Flag;@53ab2f11,^[0-9]{4}]; default message [must match "^[0-9]{4}"]] [Field error in object 'card' on field 'cardNumber': rejected value [1112-34444-1553-7899]; codes [Pattern.card.cardNumber,Pattern.cardNumber,Pattern.java.lang.String,Pattern]; arguments [org.springframework.context.support.DefaultMessageSourceResolvable: codes [card.cardNumber,cardNumber]; arguments []; default message [cardNumber],[Ljavax.validation.constraints.Pattern$Flag;@53ab2f11,\d{4}-\d{4}-\d{4}-\d{4}]; default message [must match "\d{4}-\d{4}-\d{4}-\d{4}"]] ]
2022-05-27 10:15:23,740 WARN org.springframework.web.servlet.mvc.support.DefaultHandlerExceptionResolver [http-nio-8081-exec-8] Resolved [org.springframework.web.bind.MethodArgumentNotValidException: Validation failed for argument [1] in public void com.sonamik.bank.controller.CardController.createCard(java.lang.Long,com.sonamik.bank.entity.Card): [Field error in object 'card' on field 'pin': rejected value [000]; codes [Pattern.card.pin,Pattern.pin,Pattern.java.lang.String,Pattern]; arguments [org.springframework.context.support.DefaultMessageSourceResolvable: codes [card.pin,pin]; arguments []; default message [pin],[Ljavax.validation.constraints.Pattern$Flag;@53ab2f11,^[0-9]{4}]; default message [must match "^[0-9]{4}"]] ]
2022-05-27 10:15:37,723 WARN org.springframework.web.servlet.mvc.support.DefaultHandlerExceptionResolver [http-nio-8081-exec-10] Resolved [org.springframework.web.bind.MethodArgumentNotValidException: Validation failed for argument [1] in public void com.sonamik.bank.controller.CardController.createCard(java.lang.Long,com.sonamik.bank.entity.Card): [Field error in object 'card' on field 'pin': rejected value [000]; codes [Pattern.card.pin,Pattern.pin,Pattern.java.lang.String,Pattern]; arguments [org.springframework.context.support.DefaultMessageSourceResolvable: codes [card.pin,pin]; arguments []; default message [pin],[Ljavax.validation.constraints.Pattern$Flag;@53ab2f11,^[0-9]{4}]; default message [must match "^[0-9]{4}"]] ]
2022-05-27 10:18:46,677 INFO com.sonamik.bank.BankApplication [main] Starting BankApplication using Java 11.0.13 on LAPTOP-59T7KR2L with PID 6340 (C:\Users\Valeri\OneDrive\Desktop\bank\target\classes started by Valeri in C:\Users\Valeri\OneDrive\Desktop\bank)
2022-05-27 10:18:46,686 INFO com.sonamik.bank.BankApplication [main] No active profile set, falling back to 1 default profile: "default"
2022-05-27 10:18:48,576 INFO org.springframework.data.repository.config.RepositoryConfigurationDelegate [main] Bootstrapping Spring Data JPA repositories in DEFAULT mode.
2022-05-27 10:18:48,745 INFO org.springframework.data.repository.config.RepositoryConfigurationDelegate [main] Finished Spring Data repository scanning in 150 ms. Found 5 JPA repository interfaces.
2022-05-27 10:18:49,228 INFO com.ulisesbocchio.jasyptspringboot.configuration.EnableEncryptablePropertiesBeanFactoryPostProcessor [main] Post-processing PropertySource instances
2022-05-27 10:18:49,232 INFO com.ulisesbocchio.jasyptspringboot.EncryptablePropertySourceConverter [main] Skipping PropertySource configurationProperties [class org.springframework.boot.context.properties.source.ConfigurationPropertySourcesPropertySource
2022-05-27 10:18:49,234 INFO com.ulisesbocchio.jasyptspringboot.EncryptablePropertySourceConverter [main] Skipping PropertySource servletConfigInitParams [class org.springframework.core.env.PropertySource$StubPropertySource
2022-05-27 10:18:49,234 INFO com.ulisesbocchio.jasyptspringboot.EncryptablePropertySourceConverter [main] Skipping PropertySource servletContextInitParams [class org.springframework.core.env.PropertySource$StubPropertySource
2022-05-27 10:18:49,237 INFO com.ulisesbocchio.jasyptspringboot.EncryptablePropertySourceConverter [main] Converting PropertySource systemProperties [org.springframework.core.env.PropertiesPropertySource] to EncryptableMapPropertySourceWrapper
2022-05-27 10:18:49,237 INFO com.ulisesbocchio.jasyptspringboot.EncryptablePropertySourceConverter [main] Converting PropertySource systemEnvironment [org.springframework.boot.env.SystemEnvironmentPropertySourceEnvironmentPostProcessor$OriginAwareSystemEnvironmentPropertySource] to EncryptableSystemEnvironmentPropertySourceWrapper
2022-05-27 10:18:49,241 INFO com.ulisesbocchio.jasyptspringboot.EncryptablePropertySourceConverter [main] Converting PropertySource random [org.springframework.boot.env.RandomValuePropertySource] to EncryptablePropertySourceWrapper
2022-05-27 10:18:49,242 INFO com.ulisesbocchio.jasyptspringboot.EncryptablePropertySourceConverter [main] Converting PropertySource Config resource 'class path resource [application.properties]' via location 'optional:classpath:/' [org.springframework.boot.env.OriginTrackedMapPropertySource] to EncryptableMapPropertySourceWrapper
2022-05-27 10:18:49,522 INFO com.ulisesbocchio.jasyptspringboot.filter.DefaultLazyPropertyFilter [main] Property Filter custom Bean not found with name 'encryptablePropertyFilter'. Initializing Default Property Filter
2022-05-27 10:18:49,537 INFO com.ulisesbocchio.jasyptspringboot.resolver.DefaultLazyPropertyResolver [main] Property Resolver custom Bean not found with name 'encryptablePropertyResolver'. Initializing Default Property Resolver
2022-05-27 10:18:49,537 INFO com.ulisesbocchio.jasyptspringboot.detector.DefaultLazyPropertyDetector [main] Property Detector custom Bean not found with name 'encryptablePropertyDetector'. Initializing Default Property Detector
2022-05-27 10:18:49,788 INFO org.springframework.boot.web.embedded.tomcat.TomcatWebServer [main] Tomcat initialized with port(s): 8081 (http)
2022-05-27 10:18:49,791 INFO org.apache.catalina.core.StandardService [main] Starting service [Tomcat]
2022-05-27 10:18:49,801 INFO org.apache.catalina.core.StandardEngine [main] Starting Servlet engine: [Apache Tomcat/9.0.63]
2022-05-27 10:18:49,968 INFO org.apache.catalina.core.ContainerBase.[Tomcat].[localhost].[/] [main] Initializing Spring embedded WebApplicationContext
2022-05-27 10:18:49,968 INFO org.springframework.boot.web.servlet.context.ServletWebServerApplicationContext [main] Root WebApplicationContext: initialization completed in 3132 ms
2022-05-27 10:18:50,252 INFO org.hibernate.jpa.internal.util.LogHelper [main] HHH000204: Processing PersistenceUnitInfo [name: default]
2022-05-27 10:18:50,319 INFO org.hibernate.Version [main] HHH000412: Hibernate ORM core version 5.6.9.Final
2022-05-27 10:18:50,508 INFO org.hibernate.annotations.common.Version [main] HCANN000001: Hibernate Commons Annotations {5.1.2.Final}
2022-05-27 10:18:50,619 INFO com.zaxxer.hikari.HikariDataSource [main] HikariPool-1 - Starting...
2022-05-27 10:18:51,038 INFO com.zaxxer.hikari.HikariDataSource [main] HikariPool-1 - Start completed.
2022-05-27 10:18:51,061 INFO org.hibernate.dialect.Dialect [main] HHH000400: Using dialect: org.hibernate.dialect.MySQL8Dialect
2022-05-27 10:18:53,272 INFO org.hibernate.engine.transaction.jta.platform.internal.JtaPlatformInitiator [main] HHH000490: Using JtaPlatform implementation: [org.hibernate.engine.transaction.jta.platform.internal.NoJtaPlatform]
2022-05-27 10:18:53,285 INFO org.springframework.orm.jpa.LocalContainerEntityManagerFactoryBean [main] Initialized JPA EntityManagerFactory for persistence unit 'default'
2022-05-27 10:18:54,406 WARN org.springframework.boot.autoconfigure.orm.jpa.JpaBaseConfiguration$JpaWebConfiguration [main] spring.jpa.open-in-view is enabled by default. Therefore, database queries may be performed during view rendering. Explicitly configure spring.jpa.open-in-view to disable this warning
2022-05-27 10:18:55,106 INFO org.springframework.boot.web.embedded.tomcat.TomcatWebServer [main] Tomcat started on port(s): 8081 (http) with context path ''
2022-05-27 10:18:55,106 INFO com.ulisesbocchio.jasyptspringboot.caching.RefreshScopeRefreshedEventListener [main] Refreshing cached encryptable property sources on ServletWebServerInitializedEvent
2022-05-27 10:18:55,114 INFO com.ulisesbocchio.jasyptspringboot.caching.CachingDelegateEncryptablePropertySource [main] Property Source systemProperties refreshed
2022-05-27 10:18:55,115 INFO com.ulisesbocchio.jasyptspringboot.caching.CachingDelegateEncryptablePropertySource [main] Property Source systemEnvironment refreshed
2022-05-27 10:18:55,117 INFO com.ulisesbocchio.jasyptspringboot.caching.CachingDelegateEncryptablePropertySource [main] Property Source random refreshed
2022-05-27 10:18:55,117 INFO com.ulisesbocchio.jasyptspringboot.caching.CachingDelegateEncryptablePropertySource [main] Property Source Config resource 'class path resource [application.properties]' via location 'optional:classpath:/' refreshed
2022-05-27 10:18:55,118 INFO com.ulisesbocchio.jasyptspringboot.EncryptablePropertySourceConverter [main] Converting PropertySource server.ports [org.springframework.core.env.MapPropertySource] to EncryptableMapPropertySourceWrapper
2022-05-27 10:18:55,119 INFO com.ulisesbocchio.jasyptspringboot.EncryptablePropertySourceConverter [main] Skipping PropertySource configurationProperties [class org.springframework.boot.context.properties.source.ConfigurationPropertySourcesPropertySource
2022-05-27 10:18:55,119 INFO com.ulisesbocchio.jasyptspringboot.EncryptablePropertySourceConverter [main] Skipping PropertySource servletConfigInitParams [class org.springframework.core.env.PropertySource$StubPropertySource
2022-05-27 10:18:55,119 INFO com.ulisesbocchio.jasyptspringboot.EncryptablePropertySourceConverter [main] Converting PropertySource servletContextInitParams [org.springframework.web.context.support.ServletContextPropertySource] to EncryptableEnumerablePropertySourceWrapper
2022-05-27 10:18:55,135 INFO com.sonamik.bank.BankApplication [main] Started BankApplication in 9.646 seconds (JVM running for 13.149)
2022-05-27 10:18:57,665 INFO org.apache.catalina.core.ContainerBase.[Tomcat].[localhost].[/] [http-nio-8081-exec-1] Initializing Spring DispatcherServlet 'dispatcherServlet'
2022-05-27 10:18:57,670 INFO org.springframework.web.servlet.DispatcherServlet [http-nio-8081-exec-1] Initializing Servlet 'dispatcherServlet'
2022-05-27 10:18:57,673 INFO org.springframework.web.servlet.DispatcherServlet [http-nio-8081-exec-1] Completed initialization in 2 ms
2022-05-27 10:18:58,121 WARN org.springframework.web.servlet.mvc.support.DefaultHandlerExceptionResolver [http-nio-8081-exec-1] Resolved [org.springframework.web.bind.MethodArgumentNotValidException: Validation failed for argument [1] in public void com.sonamik.bank.controller.CardController.createCard(java.lang.Long,com.sonamik.bank.entity.Card): [Field error in object 'card' on field 'cardNumber': rejected value [1112-3444-1553-799]; codes [Pattern.card.cardNumber,Pattern.cardNumber,Pattern.java.lang.String,Pattern]; arguments [org.springframework.context.support.DefaultMessageSourceResolvable: codes [card.cardNumber,cardNumber]; arguments []; default message [cardNumber],[Ljavax.validation.constraints.Pattern$Flag;@579551d4,\d{4}-\d{4}-\d{4}-\d{4}]; default message [must match "\d{4}-\d{4}-\d{4}-\d{4}"]] ]
